[0.901s] Invoking command in '/home/sanmaster/ultimate_skips/Ultimate-Skips/src/vision-skips': PYTHONPATH=/home/sanmaster/ultimate_skips/Ultimate-Skips/build/vision-skips/prefix_override:/usr/lib/python3/dist-packages/colcon_core/task/python/colcon_distutils_commands:/home/sanmaster/ultimate_skips/Ultimate-Skips/install/vision-skips/lib/python3.10/site-packages:${PYTHONPATH} /usr/bin/python3 -W ignore:setup.py install is deprecated setup.py egg_info --egg-base ../../build/vision-skips build --build-base /home/sanmaster/ultimate_skips/Ultimate-Skips/build/vision-skips/build install --record /home/sanmaster/ultimate_skips/Ultimate-Skips/build/vision-skips/install.log --single-version-externally-managed install_data
[1.163s] running egg_info
[1.163s] creating ../../build/vision-skips/vision_skips.egg-info
[1.163s] writing ../../build/vision-skips/vision_skips.egg-info/PKG-INFO
[1.163s] writing dependency_links to ../../build/vision-skips/vision_skips.egg-info/dependency_links.txt
[1.164s] writing entry points to ../../build/vision-skips/vision_skips.egg-info/entry_points.txt
[1.164s] writing requirements to ../../build/vision-skips/vision_skips.egg-info/requires.txt
[1.164s] writing top-level names to ../../build/vision-skips/vision_skips.egg-info/top_level.txt
[1.164s] writing manifest file '../../build/vision-skips/vision_skips.egg-info/SOURCES.txt'
[1.165s] reading manifest file '../../build/vision-skips/vision_skips.egg-info/SOURCES.txt'
[1.166s] adding license file 'LICENSE'
[1.166s] writing manifest file '../../build/vision-skips/vision_skips.egg-info/SOURCES.txt'
[1.166s] running build
[1.166s] running build_py
[1.167s] creating /home/sanmaster/ultimate_skips/Ultimate-Skips/build/vision-skips/build
[1.167s] creating /home/sanmaster/ultimate_skips/Ultimate-Skips/build/vision-skips/build/lib
[1.167s] creating /home/sanmaster/ultimate_skips/Ultimate-Skips/build/vision-skips/build/lib/vision-skips
[1.167s] copying vision-skips/__init__.py -> /home/sanmaster/ultimate_skips/Ultimate-Skips/build/vision-skips/build/lib/vision-skips
[1.167s] copying vision-skips/camara_compressed_client.py -> /home/sanmaster/ultimate_skips/Ultimate-Skips/build/vision-skips/build/lib/vision-skips
[1.167s] copying vision-skips/camara_compressed_server.py -> /home/sanmaster/ultimate_skips/Ultimate-Skips/build/vision-skips/build/lib/vision-skips
[1.168s] running install
[1.168s] running install_lib
[1.169s] creating /home/sanmaster/ultimate_skips/Ultimate-Skips/install/vision-skips/lib/python3.10/site-packages/vision-skips
[1.169s] copying /home/sanmaster/ultimate_skips/Ultimate-Skips/build/vision-skips/build/lib/vision-skips/__init__.py -> /home/sanmaster/ultimate_skips/Ultimate-Skips/install/vision-skips/lib/python3.10/site-packages/vision-skips
[1.169s] copying /home/sanmaster/ultimate_skips/Ultimate-Skips/build/vision-skips/build/lib/vision-skips/camara_compressed_client.py -> /home/sanmaster/ultimate_skips/Ultimate-Skips/install/vision-skips/lib/python3.10/site-packages/vision-skips
[1.169s] copying /home/sanmaster/ultimate_skips/Ultimate-Skips/build/vision-skips/build/lib/vision-skips/camara_compressed_server.py -> /home/sanmaster/ultimate_skips/Ultimate-Skips/install/vision-skips/lib/python3.10/site-packages/vision-skips
[1.169s] byte-compiling /home/sanmaster/ultimate_skips/Ultimate-Skips/install/vision-skips/lib/python3.10/site-packages/vision-skips/__init__.py to __init__.cpython-310.pyc
[1.170s] byte-compiling /home/sanmaster/ultimate_skips/Ultimate-Skips/install/vision-skips/lib/python3.10/site-packages/vision-skips/camara_compressed_client.py to camara_compressed_client.cpython-310.pyc
[1.170s] byte-compiling /home/sanmaster/ultimate_skips/Ultimate-Skips/install/vision-skips/lib/python3.10/site-packages/vision-skips/camara_compressed_server.py to camara_compressed_server.cpython-310.pyc
[1.171s] running install_data
[1.171s] creating /home/sanmaster/ultimate_skips/Ultimate-Skips/install/vision-skips/share/ament_index
[1.171s] creating /home/sanmaster/ultimate_skips/Ultimate-Skips/install/vision-skips/share/ament_index/resource_index
[1.171s] creating /home/sanmaster/ultimate_skips/Ultimate-Skips/install/vision-skips/share/ament_index/resource_index/packages
[1.172s] copying resource/vision-skips -> /home/sanmaster/ultimate_skips/Ultimate-Skips/install/vision-skips/share/ament_index/resource_index/packages
[1.172s] copying package.xml -> /home/sanmaster/ultimate_skips/Ultimate-Skips/install/vision-skips/share/vision-skips
[1.172s] running install_egg_info
[1.173s] Copying ../../build/vision-skips/vision_skips.egg-info to /home/sanmaster/ultimate_skips/Ultimate-Skips/install/vision-skips/lib/python3.10/site-packages/vision_skips-0.0.0-py3.10.egg-info
[1.174s] running install_scripts
[1.195s] Installing camara_compressed_client script to /home/sanmaster/ultimate_skips/Ultimate-Skips/install/vision-skips/lib/vision-skips
[1.195s] writing list of installed files to '/home/sanmaster/ultimate_skips/Ultimate-Skips/build/vision-skips/install.log'
[1.227s] Invoked command in '/home/sanmaster/ultimate_skips/Ultimate-Skips/src/vision-skips' returned '0': PYTHONPATH=/home/sanmaster/ultimate_skips/Ultimate-Skips/build/vision-skips/prefix_override:/usr/lib/python3/dist-packages/colcon_core/task/python/colcon_distutils_commands:/home/sanmaster/ultimate_skips/Ultimate-Skips/install/vision-skips/lib/python3.10/site-packages:${PYTHONPATH} /usr/bin/python3 -W ignore:setup.py install is deprecated setup.py egg_info --egg-base ../../build/vision-skips build --build-base /home/sanmaster/ultimate_skips/Ultimate-Skips/build/vision-skips/build install --record /home/sanmaster/ultimate_skips/Ultimate-Skips/build/vision-skips/install.log --single-version-externally-managed install_data
