/home/sanmaster/ultimate_skips/Ultimate-Skips/install/explorer-skips/lib/python3.10/site-packages/explorer-skips/__init__.py
/home/sanmaster/ultimate_skips/Ultimate-Skips/install/explorer-skips/lib/python3.10/site-packages/explorer-skips/nav_goal_sender.py
/home/sanmaster/ultimate_skips/Ultimate-Skips/install/explorer-skips/lib/python3.10/site-packages/explorer-skips/left_wall_follower.py
/home/sanmaster/ultimate_skips/Ultimate-Skips/install/explorer-skips/lib/python3.10/site-packages/explorer-skips/__pycache__/__init__.cpython-310.pyc
/home/sanmaster/ultimate_skips/Ultimate-Skips/install/explorer-skips/lib/python3.10/site-packages/explorer-skips/__pycache__/nav_goal_sender.cpython-310.pyc
/home/sanmaster/ultimate_skips/Ultimate-Skips/install/explorer-skips/lib/python3.10/site-packages/explorer-skips/__pycache__/left_wall_follower.cpython-310.pyc
/home/sanmaster/ultimate_skips/Ultimate-Skips/install/explorer-skips/share/ament_index/resource_index/packages/explorer-skips
/home/sanmaster/ultimate_skips/Ultimate-Skips/install/explorer-skips/share/explorer-skips/package.xml
/home/sanmaster/ultimate_skips/Ultimate-Skips/install/explorer-skips/share/explorer-skips/launch/exploration.launch.py
/home/sanmaster/ultimate_skips/Ultimate-Skips/install/explorer-skips/share/explorer-skips/config/navigation.yaml
/home/sanmaster/ultimate_skips/Ultimate-Skips/install/explorer-skips/share/explorer-skips/config/slam.yaml
/home/sanmaster/ultimate_skips/Ultimate-Skips/install/explorer-skips/lib/python3.10/site-packages/explorer_skips-0.0.0-py3.10.egg-info/requires.txt
/home/sanmaster/ultimate_skips/Ultimate-Skips/install/explorer-skips/lib/python3.10/site-packages/explorer_skips-0.0.0-py3.10.egg-info/zip-safe
/home/sanmaster/ultimate_skips/Ultimate-Skips/install/explorer-skips/lib/python3.10/site-packages/explorer_skips-0.0.0-py3.10.egg-info/entry_points.txt
/home/sanmaster/ultimate_skips/Ultimate-Skips/install/explorer-skips/lib/python3.10/site-packages/explorer_skips-0.0.0-py3.10.egg-info/PKG-INFO
/home/sanmaster/ultimate_skips/Ultimate-Skips/install/explorer-skips/lib/python3.10/site-packages/explorer_skips-0.0.0-py3.10.egg-info/SOURCES.txt
/home/sanmaster/ultimate_skips/Ultimate-Skips/install/explorer-skips/lib/python3.10/site-packages/explorer_skips-0.0.0-py3.10.egg-info/dependency_links.txt
/home/sanmaster/ultimate_skips/Ultimate-Skips/install/explorer-skips/lib/python3.10/site-packages/explorer_skips-0.0.0-py3.10.egg-info/top_level.txt
/home/sanmaster/ultimate_skips/Ultimate-Skips/install/explorer-skips/lib/explorer-skips/left_wall_follower
/home/sanmaster/ultimate_skips/Ultimate-Skips/install/explorer-skips/lib/explorer-skips/maze_escape_robot
/home/sanmaster/ultimate_skips/Ultimate-Skips/install/explorer-skips/lib/explorer-skips/pledge_algorithm = explorer_skips.pledge_algorithm:mainnav_goal_sender
