[0.114s] DEBUG:colcon:Command line arguments: ['/usr/bin/colcon', 'build', '--parallel-workers', '2']
[0.114s] DEBUG:colcon:Parsed command line arguments: Namespace(log_base=None, log_level=None, verb_name='build', build_base='build', install_base='install', merge_install=False, symlink_install=False, test_result_base=None, continue_on_error=False, executor='parallel', parallel_workers=2, event_handlers=None, ignore_user_meta=False, metas=['./colcon.meta'], base_paths=['.'], packages_ignore=None, packages_ignore_regex=None, paths=None, packages_up_to=None, packages_up_to_regex=None, packages_above=None, packages_above_and_dependencies=None, packages_above_depth=None, packages_select_by_dep=None, packages_skip_by_dep=None, packages_skip_up_to=None, packages_select_build_failed=False, packages_skip_build_finished=False, packages_select_test_failures=False, packages_skip_test_passed=False, packages_select=None, packages_skip=None, packages_select_regex=None, packages_skip_regex=None, packages_start=None, packages_end=None, allow_overriding=[], cmake_args=None, cmake_target=None, cmake_target_skip_unavailable=False, cmake_clean_cache=False, cmake_clean_first=False, cmake_force_configure=False, ament_cmake_args=None, catkin_cmake_args=None, catkin_skip_building_tests=False, mixin_files=None, mixin=None, verb_parser=<colcon_mixin.mixin.mixin_argument.MixinArgumentDecorator object at 0x761dc9d78220>, verb_extension=<colcon_core.verb.build.BuildVerb object at 0x761dc9d47be0>, main=<bound method BuildVerb.main of <colcon_core.verb.build.BuildVerb object at 0x761dc9d47be0>>, mixin_verb=('build',))
[0.298s] Level 1:colcon.colcon_core.package_discovery:discover_packages(colcon_meta) check parameters
[0.298s] Level 1:colcon.colcon_core.package_discovery:discover_packages(recursive) check parameters
[0.298s] Level 1:colcon.colcon_core.package_discovery:discover_packages(ignore) check parameters
[0.298s] Level 1:colcon.colcon_core.package_discovery:discover_packages(path) check parameters
[0.298s] Level 1:colcon.colcon_core.package_discovery:discover_packages(colcon_meta) discover
[0.298s] Level 1:colcon.colcon_core.package_discovery:discover_packages(recursive) discover
[0.298s] INFO:colcon.colcon_core.package_discovery:Crawling recursively for packages in '/home/sanmaster/ultimate_skips/Ultimate-Skips'
[0.298s] Level 1:colcon.colcon_core.package_identification:_identify(.) by extensions ['ignore', 'ignore_ament_install']
[0.298s] Level 1:colcon.colcon_core.package_identification:_identify(.) by extension 'ignore'
[0.298s] Level 1:colcon.colcon_core.package_identification:_identify(.) by extension 'ignore_ament_install'
[0.298s] Level 1:colcon.colcon_core.package_identification:_identify(.) by extensions ['colcon_pkg']
[0.298s] Level 1:colcon.colcon_core.package_identification:_identify(.) by extension 'colcon_pkg'
[0.298s] Level 1:colcon.colcon_core.package_identification:_identify(.) by extensions ['colcon_meta']
[0.298s] Level 1:colcon.colcon_core.package_identification:_identify(.) by extension 'colcon_meta'
[0.298s] Level 1:colcon.colcon_core.package_identification:_identify(.) by extensions ['ros']
[0.299s] Level 1:colcon.colcon_core.package_identification:_identify(.) by extension 'ros'
[0.309s] Level 1:colcon.colcon_core.package_identification:_identify(.) by extensions ['cmake', 'python']
[0.309s] Level 1:colcon.colcon_core.package_identification:_identify(.) by extension 'cmake'
[0.309s] Level 1:colcon.colcon_core.package_identification:_identify(.) by extension 'python'
[0.309s] Level 1:colcon.colcon_core.package_identification:_identify(.) by extensions ['python_setup_py']
[0.309s] Level 1:colcon.colcon_core.package_identification:_identify(.) by extension 'python_setup_py'
[0.309s] Level 1:colcon.colcon_core.package_identification:_identify(build) by extensions ['ignore', 'ignore_ament_install']
[0.309s] Level 1:colcon.colcon_core.package_identification:_identify(build) by extension 'ignore'
[0.309s] Level 1:colcon.colcon_core.package_identification:_identify(build) ignored
[0.309s] Level 1:colcon.colcon_core.package_identification:_identify(install) by extensions ['ignore', 'ignore_ament_install']
[0.309s] Level 1:colcon.colcon_core.package_identification:_identify(install) by extension 'ignore'
[0.310s] Level 1:colcon.colcon_core.package_identification:_identify(install) ignored
[0.310s] Level 1:colcon.colcon_core.package_identification:_identify(log) by extensions ['ignore', 'ignore_ament_install']
[0.310s] Level 1:colcon.colcon_core.package_identification:_identify(log) by extension 'ignore'
[0.310s] Level 1:colcon.colcon_core.package_identification:_identify(log) ignored
[0.310s] Level 1:colcon.colcon_core.package_identification:_identify(src) by extensions ['ignore', 'ignore_ament_install']
[0.310s] Level 1:colcon.colcon_core.package_identification:_identify(src) by extension 'ignore'
[0.310s] Level 1:colcon.colcon_core.package_identification:_identify(src) by extension 'ignore_ament_install'
[0.310s] Level 1:colcon.colcon_core.package_identification:_identify(src) by extensions ['colcon_pkg']
[0.310s] Level 1:colcon.colcon_core.package_identification:_identify(src) by extension 'colcon_pkg'
[0.310s] Level 1:colcon.colcon_core.package_identification:_identify(src) by extensions ['colcon_meta']
[0.310s] Level 1:colcon.colcon_core.package_identification:_identify(src) by extension 'colcon_meta'
[0.310s] Level 1:colcon.colcon_core.package_identification:_identify(src) by extensions ['ros']
[0.310s] Level 1:colcon.colcon_core.package_identification:_identify(src) by extension 'ros'
[0.310s] Level 1:colcon.colcon_core.package_identification:_identify(src) by extensions ['cmake', 'python']
[0.310s] Level 1:colcon.colcon_core.package_identification:_identify(src) by extension 'cmake'
[0.310s] Level 1:colcon.colcon_core.package_identification:_identify(src) by extension 'python'
[0.310s] Level 1:colcon.colcon_core.package_identification:_identify(src) by extensions ['python_setup_py']
[0.310s] Level 1:colcon.colcon_core.package_identification:_identify(src) by extension 'python_setup_py'
[0.310s] Level 1:colcon.colcon_core.package_identification:_identify(src/explorer_skips) by extensions ['ignore', 'ignore_ament_install']
[0.311s] Level 1:colcon.colcon_core.package_identification:_identify(src/explorer_skips) by extension 'ignore'
[0.311s] Level 1:colcon.colcon_core.package_identification:_identify(src/explorer_skips) by extension 'ignore_ament_install'
[0.311s] Level 1:colcon.colcon_core.package_identification:_identify(src/explorer_skips) by extensions ['colcon_pkg']
[0.311s] Level 1:colcon.colcon_core.package_identification:_identify(src/explorer_skips) by extension 'colcon_pkg'
[0.311s] Level 1:colcon.colcon_core.package_identification:_identify(src/explorer_skips) by extensions ['colcon_meta']
[0.311s] Level 1:colcon.colcon_core.package_identification:_identify(src/explorer_skips) by extension 'colcon_meta'
[0.311s] Level 1:colcon.colcon_core.package_identification:_identify(src/explorer_skips) by extensions ['ros']
[0.311s] Level 1:colcon.colcon_core.package_identification:_identify(src/explorer_skips) by extension 'ros'
[0.313s] DEBUG:colcon.colcon_core.package_identification:Package 'src/explorer_skips' with type 'ros.ament_python' and name 'explorer_skips'
[0.313s] Level 1:colcon.colcon_core.package_identification:_identify(src/vision_skips) by extensions ['ignore', 'ignore_ament_install']
[0.313s] Level 1:colcon.colcon_core.package_identification:_identify(src/vision_skips) by extension 'ignore'
[0.313s] Level 1:colcon.colcon_core.package_identification:_identify(src/vision_skips) by extension 'ignore_ament_install'
[0.313s] Level 1:colcon.colcon_core.package_identification:_identify(src/vision_skips) by extensions ['colcon_pkg']
[0.313s] Level 1:colcon.colcon_core.package_identification:_identify(src/vision_skips) by extension 'colcon_pkg'
[0.313s] Level 1:colcon.colcon_core.package_identification:_identify(src/vision_skips) by extensions ['colcon_meta']
[0.313s] Level 1:colcon.colcon_core.package_identification:_identify(src/vision_skips) by extension 'colcon_meta'
[0.314s] Level 1:colcon.colcon_core.package_identification:_identify(src/vision_skips) by extensions ['ros']
[0.314s] Level 1:colcon.colcon_core.package_identification:_identify(src/vision_skips) by extension 'ros'
[0.314s] DEBUG:colcon.colcon_core.package_identification:Package 'src/vision_skips' with type 'ros.ament_python' and name 'vision_skips'
[0.314s] Level 1:colcon.colcon_core.package_discovery:discover_packages(recursive) using defaults
[0.314s] Level 1:colcon.colcon_core.package_discovery:discover_packages(ignore) discover
[0.314s] Level 1:colcon.colcon_core.package_discovery:discover_packages(ignore) using defaults
[0.314s] Level 1:colcon.colcon_core.package_discovery:discover_packages(path) discover
[0.314s] Level 1:colcon.colcon_core.package_discovery:discover_packages(path) using defaults
[0.340s] Level 1:colcon.colcon_core.package_discovery:discover_packages(prefix_path) check parameters
[0.340s] Level 1:colcon.colcon_core.package_discovery:discover_packages(prefix_path) discover
[0.341s] WARNING:colcon.colcon_ros.prefix_path.ament:The path '/home/sanmaster/ultimate_skips/Ultimate-Skips/install/vision-skips' in the environment variable AMENT_PREFIX_PATH doesn't exist
[0.341s] WARNING:colcon.colcon_ros.prefix_path.ament:The path '/home/sanmaster/ultimate_skips/Ultimate-Skips/install/explorer-skips' in the environment variable AMENT_PREFIX_PATH doesn't exist
[0.342s] DEBUG:colcon.colcon_installed_package_information.package_discovery:Found 0 installed packages in /home/sanmaster/ultimate_skips/Ultimate-Skips/install
[0.343s] DEBUG:colcon.colcon_installed_package_information.package_discovery:Found 387 installed packages in /opt/ros/humble
[0.345s] Level 1:colcon.colcon_core.package_discovery:discover_packages(prefix_path) using defaults
[0.392s] Level 5:colcon.colcon_core.verb:set package 'explorer_skips' build argument 'cmake_args' from command line to 'None'
[0.393s] Level 5:colcon.colcon_core.verb:set package 'explorer_skips' build argument 'cmake_target' from command line to 'None'
[0.393s] Level 5:colcon.colcon_core.verb:set package 'explorer_skips' build argument 'cmake_target_skip_unavailable' from command line to 'False'
[0.393s] Level 5:colcon.colcon_core.verb:set package 'explorer_skips' build argument 'cmake_clean_cache' from command line to 'False'
[0.393s] Level 5:colcon.colcon_core.verb:set package 'explorer_skips' build argument 'cmake_clean_first' from command line to 'False'
[0.393s] Level 5:colcon.colcon_core.verb:set package 'explorer_skips' build argument 'cmake_force_configure' from command line to 'False'
[0.393s] Level 5:colcon.colcon_core.verb:set package 'explorer_skips' build argument 'ament_cmake_args' from command line to 'None'
[0.393s] Level 5:colcon.colcon_core.verb:set package 'explorer_skips' build argument 'catkin_cmake_args' from command line to 'None'
[0.393s] Level 5:colcon.colcon_core.verb:set package 'explorer_skips' build argument 'catkin_skip_building_tests' from command line to 'False'
[0.393s] DEBUG:colcon.colcon_core.verb:Building package 'explorer_skips' with the following arguments: {'ament_cmake_args': None, 'build_base': '/home/sanmaster/ultimate_skips/Ultimate-Skips/build/explorer_skips', 'catkin_cmake_args': None, 'catkin_skip_building_tests': False, 'cmake_args': None, 'cmake_clean_cache': False, 'cmake_clean_first': False, 'cmake_force_configure': False, 'cmake_target': None, 'cmake_target_skip_unavailable': False, 'install_base': '/home/sanmaster/ultimate_skips/Ultimate-Skips/install/explorer_skips', 'merge_install': False, 'path': '/home/sanmaster/ultimate_skips/Ultimate-Skips/src/explorer_skips', 'symlink_install': False, 'test_result_base': None}
[0.393s] Level 5:colcon.colcon_core.verb:set package 'vision_skips' build argument 'cmake_args' from command line to 'None'
[0.393s] Level 5:colcon.colcon_core.verb:set package 'vision_skips' build argument 'cmake_target' from command line to 'None'
[0.393s] Level 5:colcon.colcon_core.verb:set package 'vision_skips' build argument 'cmake_target_skip_unavailable' from command line to 'False'
[0.393s] Level 5:colcon.colcon_core.verb:set package 'vision_skips' build argument 'cmake_clean_cache' from command line to 'False'
[0.393s] Level 5:colcon.colcon_core.verb:set package 'vision_skips' build argument 'cmake_clean_first' from command line to 'False'
[0.393s] Level 5:colcon.colcon_core.verb:set package 'vision_skips' build argument 'cmake_force_configure' from command line to 'False'
[0.393s] Level 5:colcon.colcon_core.verb:set package 'vision_skips' build argument 'ament_cmake_args' from command line to 'None'
[0.393s] Level 5:colcon.colcon_core.verb:set package 'vision_skips' build argument 'catkin_cmake_args' from command line to 'None'
[0.393s] Level 5:colcon.colcon_core.verb:set package 'vision_skips' build argument 'catkin_skip_building_tests' from command line to 'False'
[0.393s] DEBUG:colcon.colcon_core.verb:Building package 'vision_skips' with the following arguments: {'ament_cmake_args': None, 'build_base': '/home/sanmaster/ultimate_skips/Ultimate-Skips/build/vision_skips', 'catkin_cmake_args': None, 'catkin_skip_building_tests': False, 'cmake_args': None, 'cmake_clean_cache': False, 'cmake_clean_first': False, 'cmake_force_configure': False, 'cmake_target': None, 'cmake_target_skip_unavailable': False, 'install_base': '/home/sanmaster/ultimate_skips/Ultimate-Skips/install/vision_skips', 'merge_install': False, 'path': '/home/sanmaster/ultimate_skips/Ultimate-Skips/src/vision_skips', 'symlink_install': False, 'test_result_base': None}
[0.394s] INFO:colcon.colcon_core.executor:Executing jobs using 'parallel' executor
[0.395s] DEBUG:colcon.colcon_parallel_executor.executor.parallel:run_until_complete
[0.395s] INFO:colcon.colcon_ros.task.ament_python.build:Building ROS package in '/home/sanmaster/ultimate_skips/Ultimate-Skips/src/explorer_skips' with build type 'ament_python'
[0.395s] Level 1:colcon.colcon_core.shell:create_environment_hook('explorer_skips', 'ament_prefix_path')
[0.397s] INFO:colcon.colcon_core.plugin_system:Skipping extension 'colcon_core.shell.bat': Not used on non-Windows systems
[0.397s] INFO:colcon.colcon_core.shell:Creating environment hook '/home/sanmaster/ultimate_skips/Ultimate-Skips/install/explorer_skips/share/explorer_skips/hook/ament_prefix_path.ps1'
[0.397s] INFO:colcon.colcon_core.shell:Creating environment descriptor '/home/sanmaster/ultimate_skips/Ultimate-Skips/install/explorer_skips/share/explorer_skips/hook/ament_prefix_path.dsv'
[0.398s] INFO:colcon.colcon_core.shell:Creating environment hook '/home/sanmaster/ultimate_skips/Ultimate-Skips/install/explorer_skips/share/explorer_skips/hook/ament_prefix_path.sh'
[0.399s] INFO:colcon.colcon_core.shell:Skip shell extension 'powershell' for command environment: Not usable outside of PowerShell
[0.399s] DEBUG:colcon.colcon_core.shell:Skip shell extension 'dsv' for command environment
[0.402s] INFO:colcon.colcon_ros.task.ament_python.build:Building ROS package in '/home/sanmaster/ultimate_skips/Ultimate-Skips/src/vision_skips' with build type 'ament_python'
[0.402s] Level 1:colcon.colcon_core.shell:create_environment_hook('vision_skips', 'ament_prefix_path')
[0.402s] INFO:colcon.colcon_core.shell:Creating environment hook '/home/sanmaster/ultimate_skips/Ultimate-Skips/install/vision_skips/share/vision_skips/hook/ament_prefix_path.ps1'
[0.403s] INFO:colcon.colcon_core.shell:Creating environment descriptor '/home/sanmaster/ultimate_skips/Ultimate-Skips/install/vision_skips/share/vision_skips/hook/ament_prefix_path.dsv'
[0.403s] INFO:colcon.colcon_core.shell:Creating environment hook '/home/sanmaster/ultimate_skips/Ultimate-Skips/install/vision_skips/share/vision_skips/hook/ament_prefix_path.sh'
[0.404s] INFO:colcon.colcon_core.shell:Skip shell extension 'powershell' for command environment: Not usable outside of PowerShell
[0.404s] DEBUG:colcon.colcon_core.shell:Skip shell extension 'dsv' for command environment
[0.679s] INFO:colcon.colcon_core.task.python.build:Building Python package in '/home/sanmaster/ultimate_skips/Ultimate-Skips/src/explorer_skips'
[0.680s] INFO:colcon.colcon_core.shell:Skip shell extension 'powershell' for command environment: Not usable outside of PowerShell
[0.680s] DEBUG:colcon.colcon_core.shell:Skip shell extension 'dsv' for command environment
[0.943s] INFO:colcon.colcon_core.task.python.build:Building Python package in '/home/sanmaster/ultimate_skips/Ultimate-Skips/src/vision_skips'
[0.943s] INFO:colcon.colcon_core.shell:Skip shell extension 'powershell' for command environment: Not usable outside of PowerShell
[0.943s] DEBUG:colcon.colcon_core.shell:Skip shell extension 'dsv' for command environment
[1.320s] DEBUG:colcon.colcon_core.event_handler.log_command:Invoking command in '/home/sanmaster/ultimate_skips/Ultimate-Skips/src/explorer_skips': PYTHONPATH=/home/sanmaster/ultimate_skips/Ultimate-Skips/build/explorer_skips/prefix_override:/usr/lib/python3/dist-packages/colcon_core/task/python/colcon_distutils_commands:/home/sanmaster/ultimate_skips/Ultimate-Skips/install/explorer_skips/lib/python3.10/site-packages:${PYTHONPATH} /usr/bin/python3 -W ignore:setup.py install is deprecated setup.py egg_info --egg-base ../../build/explorer_skips build --build-base /home/sanmaster/ultimate_skips/Ultimate-Skips/build/explorer_skips/build install --record /home/sanmaster/ultimate_skips/Ultimate-Skips/build/explorer_skips/install.log --single-version-externally-managed install_data
[1.330s] DEBUG:colcon.colcon_core.event_handler.log_command:Invoking command in '/home/sanmaster/ultimate_skips/Ultimate-Skips/src/vision_skips': PYTHONPATH=/home/sanmaster/ultimate_skips/Ultimate-Skips/build/vision_skips/prefix_override:/usr/lib/python3/dist-packages/colcon_core/task/python/colcon_distutils_commands:/home/sanmaster/ultimate_skips/Ultimate-Skips/install/vision_skips/lib/python3.10/site-packages:${PYTHONPATH} /usr/bin/python3 -W ignore:setup.py install is deprecated setup.py egg_info --egg-base ../../build/vision_skips build --build-base /home/sanmaster/ultimate_skips/Ultimate-Skips/build/vision_skips/build install --record /home/sanmaster/ultimate_skips/Ultimate-Skips/build/vision_skips/install.log --single-version-externally-managed install_data
[1.646s] DEBUG:colcon.colcon_core.event_handler.log_command:Invoked command in '/home/sanmaster/ultimate_skips/Ultimate-Skips/src/explorer_skips' returned '0': PYTHONPATH=/home/sanmaster/ultimate_skips/Ultimate-Skips/build/explorer_skips/prefix_override:/usr/lib/python3/dist-packages/colcon_core/task/python/colcon_distutils_commands:/home/sanmaster/ultimate_skips/Ultimate-Skips/install/explorer_skips/lib/python3.10/site-packages:${PYTHONPATH} /usr/bin/python3 -W ignore:setup.py install is deprecated setup.py egg_info --egg-base ../../build/explorer_skips build --build-base /home/sanmaster/ultimate_skips/Ultimate-Skips/build/explorer_skips/build install --record /home/sanmaster/ultimate_skips/Ultimate-Skips/build/explorer_skips/install.log --single-version-externally-managed install_data
[1.648s] Level 1:colcon.colcon_core.environment:checking '/home/sanmaster/ultimate_skips/Ultimate-Skips/install/explorer_skips' for CMake module files
[1.649s] Level 1:colcon.colcon_core.environment:checking '/home/sanmaster/ultimate_skips/Ultimate-Skips/install/explorer_skips' for CMake config files
[1.649s] Level 1:colcon.colcon_core.environment:checking '/home/sanmaster/ultimate_skips/Ultimate-Skips/install/explorer_skips/lib'
[1.649s] Level 1:colcon.colcon_core.environment:checking '/home/sanmaster/ultimate_skips/Ultimate-Skips/install/explorer_skips/bin'
[1.649s] Level 1:colcon.colcon_core.shell:create_environment_hook('explorer_skips', 'path')
[1.650s] INFO:colcon.colcon_core.shell:Creating environment hook '/home/sanmaster/ultimate_skips/Ultimate-Skips/install/explorer_skips/share/explorer_skips/hook/path.ps1'
[1.650s] INFO:colcon.colcon_core.shell:Creating environment descriptor '/home/sanmaster/ultimate_skips/Ultimate-Skips/install/explorer_skips/share/explorer_skips/hook/path.dsv'
[1.650s] INFO:colcon.colcon_core.shell:Creating environment hook '/home/sanmaster/ultimate_skips/Ultimate-Skips/install/explorer_skips/share/explorer_skips/hook/path.sh'
[1.651s] Level 1:colcon.colcon_core.environment:checking '/home/sanmaster/ultimate_skips/Ultimate-Skips/install/explorer_skips/lib/pkgconfig/explorer_skips.pc'
[1.651s] Level 1:colcon.colcon_core.environment:checking '/home/sanmaster/ultimate_skips/Ultimate-Skips/install/explorer_skips/lib/python3.10/site-packages'
[1.651s] Level 1:colcon.colcon_core.shell:create_environment_hook('explorer_skips', 'pythonpath')
[1.651s] INFO:colcon.colcon_core.shell:Creating environment hook '/home/sanmaster/ultimate_skips/Ultimate-Skips/install/explorer_skips/share/explorer_skips/hook/pythonpath.ps1'
[1.651s] INFO:colcon.colcon_core.shell:Creating environment descriptor '/home/sanmaster/ultimate_skips/Ultimate-Skips/install/explorer_skips/share/explorer_skips/hook/pythonpath.dsv'
[1.652s] INFO:colcon.colcon_core.shell:Creating environment hook '/home/sanmaster/ultimate_skips/Ultimate-Skips/install/explorer_skips/share/explorer_skips/hook/pythonpath.sh'
[1.652s] Level 1:colcon.colcon_core.environment:checking '/home/sanmaster/ultimate_skips/Ultimate-Skips/install/explorer_skips/bin'
[1.652s] Level 1:colcon.colcon_core.shell:create_environment_hook('explorer_skips', 'pythonscriptspath')
[1.652s] INFO:colcon.colcon_core.shell:Creating environment hook '/home/sanmaster/ultimate_skips/Ultimate-Skips/install/explorer_skips/share/explorer_skips/hook/pythonscriptspath.ps1'
[1.652s] INFO:colcon.colcon_core.shell:Creating environment descriptor '/home/sanmaster/ultimate_skips/Ultimate-Skips/install/explorer_skips/share/explorer_skips/hook/pythonscriptspath.dsv'
[1.653s] INFO:colcon.colcon_core.shell:Creating environment hook '/home/sanmaster/ultimate_skips/Ultimate-Skips/install/explorer_skips/share/explorer_skips/hook/pythonscriptspath.sh'
[1.653s] Level 1:colcon.colcon_core.environment:create_environment_scripts_only(explorer_skips)
[1.653s] INFO:colcon.colcon_core.shell:Creating package script '/home/sanmaster/ultimate_skips/Ultimate-Skips/install/explorer_skips/share/explorer_skips/package.ps1'
[1.654s] INFO:colcon.colcon_core.shell:Creating package descriptor '/home/sanmaster/ultimate_skips/Ultimate-Skips/install/explorer_skips/share/explorer_skips/package.dsv'
[1.655s] INFO:colcon.colcon_core.shell:Creating package script '/home/sanmaster/ultimate_skips/Ultimate-Skips/install/explorer_skips/share/explorer_skips/package.sh'
[1.655s] INFO:colcon.colcon_core.shell:Creating package script '/home/sanmaster/ultimate_skips/Ultimate-Skips/install/explorer_skips/share/explorer_skips/package.bash'
[1.656s] INFO:colcon.colcon_core.shell:Creating package script '/home/sanmaster/ultimate_skips/Ultimate-Skips/install/explorer_skips/share/explorer_skips/package.zsh'
[1.656s] Level 1:colcon.colcon_core.environment:create_file_with_runtime_dependencies(/home/sanmaster/ultimate_skips/Ultimate-Skips/install/explorer_skips/share/colcon-core/packages/explorer_skips)
[1.663s] Level 1:colcon.colcon_core.environment:checking '/home/sanmaster/ultimate_skips/Ultimate-Skips/install/vision_skips' for CMake module files
[1.664s] DEBUG:colcon.colcon_core.event_handler.log_command:Invoked command in '/home/sanmaster/ultimate_skips/Ultimate-Skips/src/vision_skips' returned '0': PYTHONPATH=/home/sanmaster/ultimate_skips/Ultimate-Skips/build/vision_skips/prefix_override:/usr/lib/python3/dist-packages/colcon_core/task/python/colcon_distutils_commands:/home/sanmaster/ultimate_skips/Ultimate-Skips/install/vision_skips/lib/python3.10/site-packages:${PYTHONPATH} /usr/bin/python3 -W ignore:setup.py install is deprecated setup.py egg_info --egg-base ../../build/vision_skips build --build-base /home/sanmaster/ultimate_skips/Ultimate-Skips/build/vision_skips/build install --record /home/sanmaster/ultimate_skips/Ultimate-Skips/build/vision_skips/install.log --single-version-externally-managed install_data
[1.664s] Level 1:colcon.colcon_core.environment:checking '/home/sanmaster/ultimate_skips/Ultimate-Skips/install/vision_skips' for CMake config files
[1.664s] Level 1:colcon.colcon_core.environment:checking '/home/sanmaster/ultimate_skips/Ultimate-Skips/install/vision_skips/lib'
[1.664s] Level 1:colcon.colcon_core.environment:checking '/home/sanmaster/ultimate_skips/Ultimate-Skips/install/vision_skips/bin'
[1.664s] Level 1:colcon.colcon_core.environment:checking '/home/sanmaster/ultimate_skips/Ultimate-Skips/install/vision_skips/lib/pkgconfig/vision_skips.pc'
[1.665s] Level 1:colcon.colcon_core.environment:checking '/home/sanmaster/ultimate_skips/Ultimate-Skips/install/vision_skips/lib/python3.10/site-packages'
[1.665s] Level 1:colcon.colcon_core.shell:create_environment_hook('vision_skips', 'pythonpath')
[1.665s] INFO:colcon.colcon_core.shell:Creating environment hook '/home/sanmaster/ultimate_skips/Ultimate-Skips/install/vision_skips/share/vision_skips/hook/pythonpath.ps1'
[1.665s] INFO:colcon.colcon_core.shell:Creating environment descriptor '/home/sanmaster/ultimate_skips/Ultimate-Skips/install/vision_skips/share/vision_skips/hook/pythonpath.dsv'
[1.665s] INFO:colcon.colcon_core.shell:Creating environment hook '/home/sanmaster/ultimate_skips/Ultimate-Skips/install/vision_skips/share/vision_skips/hook/pythonpath.sh'
[1.666s] Level 1:colcon.colcon_core.environment:checking '/home/sanmaster/ultimate_skips/Ultimate-Skips/install/vision_skips/bin'
[1.666s] Level 1:colcon.colcon_core.environment:create_environment_scripts_only(vision_skips)
[1.666s] INFO:colcon.colcon_core.shell:Creating package script '/home/sanmaster/ultimate_skips/Ultimate-Skips/install/vision_skips/share/vision_skips/package.ps1'
[1.666s] INFO:colcon.colcon_core.shell:Creating package descriptor '/home/sanmaster/ultimate_skips/Ultimate-Skips/install/vision_skips/share/vision_skips/package.dsv'
[1.667s] INFO:colcon.colcon_core.shell:Creating package script '/home/sanmaster/ultimate_skips/Ultimate-Skips/install/vision_skips/share/vision_skips/package.sh'
[1.667s] INFO:colcon.colcon_core.shell:Creating package script '/home/sanmaster/ultimate_skips/Ultimate-Skips/install/vision_skips/share/vision_skips/package.bash'
[1.667s] INFO:colcon.colcon_core.shell:Creating package script '/home/sanmaster/ultimate_skips/Ultimate-Skips/install/vision_skips/share/vision_skips/package.zsh'
[1.667s] Level 1:colcon.colcon_core.environment:create_file_with_runtime_dependencies(/home/sanmaster/ultimate_skips/Ultimate-Skips/install/vision_skips/share/colcon-core/packages/vision_skips)
[1.668s] DEBUG:colcon.colcon_parallel_executor.executor.parallel:closing loop
[1.668s] DEBUG:colcon.colcon_parallel_executor.executor.parallel:loop closed
[1.668s] DEBUG:colcon.colcon_parallel_executor.executor.parallel:run_until_complete finished with '0'
[1.668s] DEBUG:colcon.colcon_core.event_reactor:joining thread
[1.672s] INFO:colcon.colcon_core.plugin_system:Skipping extension 'colcon_notification.desktop_notification.terminal_notifier': Not used on non-Darwin systems
[1.672s] INFO:colcon.colcon_core.plugin_system:Skipping extension 'colcon_notification.desktop_notification.win32': Not used on non-Windows systems
[1.673s] INFO:colcon.colcon_notification.desktop_notification:Sending desktop notification using 'notify2'
[1.682s] DEBUG:colcon.colcon_core.event_reactor:joined thread
[1.682s] INFO:colcon.colcon_core.shell:Creating prefix script '/home/sanmaster/ultimate_skips/Ultimate-Skips/install/local_setup.ps1'
[1.683s] INFO:colcon.colcon_core.shell:Creating prefix util module '/home/sanmaster/ultimate_skips/Ultimate-Skips/install/_local_setup_util_ps1.py'
[1.684s] INFO:colcon.colcon_core.shell:Creating prefix chain script '/home/sanmaster/ultimate_skips/Ultimate-Skips/install/setup.ps1'
[1.685s] INFO:colcon.colcon_core.shell:Creating prefix script '/home/sanmaster/ultimate_skips/Ultimate-Skips/install/local_setup.sh'
[1.685s] INFO:colcon.colcon_core.shell:Creating prefix util module '/home/sanmaster/ultimate_skips/Ultimate-Skips/install/_local_setup_util_sh.py'
[1.686s] INFO:colcon.colcon_core.shell:Creating prefix chain script '/home/sanmaster/ultimate_skips/Ultimate-Skips/install/setup.sh'
[1.687s] INFO:colcon.colcon_core.shell:Creating prefix script '/home/sanmaster/ultimate_skips/Ultimate-Skips/install/local_setup.bash'
[1.687s] INFO:colcon.colcon_core.shell:Creating prefix chain script '/home/sanmaster/ultimate_skips/Ultimate-Skips/install/setup.bash'
[1.688s] INFO:colcon.colcon_core.shell:Creating prefix script '/home/sanmaster/ultimate_skips/Ultimate-Skips/install/local_setup.zsh'
[1.688s] INFO:colcon.colcon_core.shell:Creating prefix chain script '/home/sanmaster/ultimate_skips/Ultimate-Skips/install/setup.zsh'
