[0.928s] Invoking command in '/home/sanmaster/ultimate_skips/Ultimate-Skips/src/vision_skips': PYTHONPATH=/home/sanmaster/ultimate_skips/Ultimate-Skips/build/vision_skips/prefix_override:/usr/lib/python3/dist-packages/colcon_core/task/python/colcon_distutils_commands:/home/sanmaster/ultimate_skips/Ultimate-Skips/install/vision_skips/lib/python3.10/site-packages:${PYTHONPATH} /usr/bin/python3 -W ignore:setup.py install is deprecated setup.py egg_info --egg-base ../../build/vision_skips build --build-base /home/sanmaster/ultimate_skips/Ultimate-Skips/build/vision_skips/build install --record /home/sanmaster/ultimate_skips/Ultimate-Skips/build/vision_skips/install.log --single-version-externally-managed install_data
[1.206s] running egg_info
[1.207s] creating ../../build/vision_skips/vision_skips.egg-info
[1.207s] writing ../../build/vision_skips/vision_skips.egg-info/PKG-INFO
[1.207s] writing dependency_links to ../../build/vision_skips/vision_skips.egg-info/dependency_links.txt
[1.207s] writing entry points to ../../build/vision_skips/vision_skips.egg-info/entry_points.txt
[1.207s] writing requirements to ../../build/vision_skips/vision_skips.egg-info/requires.txt
[1.208s] writing top-level names to ../../build/vision_skips/vision_skips.egg-info/top_level.txt
[1.208s] writing manifest file '../../build/vision_skips/vision_skips.egg-info/SOURCES.txt'
[1.209s] reading manifest file '../../build/vision_skips/vision_skips.egg-info/SOURCES.txt'
[1.209s] adding license file 'LICENSE'
[1.210s] writing manifest file '../../build/vision_skips/vision_skips.egg-info/SOURCES.txt'
[1.210s] running build
[1.210s] running build_py
[1.210s] creating /home/sanmaster/ultimate_skips/Ultimate-Skips/build/vision_skips/build
[1.210s] creating /home/sanmaster/ultimate_skips/Ultimate-Skips/build/vision_skips/build/lib
[1.211s] creating /home/sanmaster/ultimate_skips/Ultimate-Skips/build/vision_skips/build/lib/vision_skips
[1.211s] copying vision_skips/__init__.py -> /home/sanmaster/ultimate_skips/Ultimate-Skips/build/vision_skips/build/lib/vision_skips
[1.211s] copying vision_skips/camara_compressed_client.py -> /home/sanmaster/ultimate_skips/Ultimate-Skips/build/vision_skips/build/lib/vision_skips
[1.211s] copying vision_skips/camara_compressed_server.py -> /home/sanmaster/ultimate_skips/Ultimate-Skips/build/vision_skips/build/lib/vision_skips
[1.211s] running install
[1.211s] running install_lib
[1.212s] creating /home/sanmaster/ultimate_skips/Ultimate-Skips/install/vision_skips/lib/python3.10/site-packages/vision_skips
[1.212s] copying /home/sanmaster/ultimate_skips/Ultimate-Skips/build/vision_skips/build/lib/vision_skips/__init__.py -> /home/sanmaster/ultimate_skips/Ultimate-Skips/install/vision_skips/lib/python3.10/site-packages/vision_skips
[1.212s] copying /home/sanmaster/ultimate_skips/Ultimate-Skips/build/vision_skips/build/lib/vision_skips/camara_compressed_client.py -> /home/sanmaster/ultimate_skips/Ultimate-Skips/install/vision_skips/lib/python3.10/site-packages/vision_skips
[1.212s] copying /home/sanmaster/ultimate_skips/Ultimate-Skips/build/vision_skips/build/lib/vision_skips/camara_compressed_server.py -> /home/sanmaster/ultimate_skips/Ultimate-Skips/install/vision_skips/lib/python3.10/site-packages/vision_skips
[1.212s] byte-compiling /home/sanmaster/ultimate_skips/Ultimate-Skips/install/vision_skips/lib/python3.10/site-packages/vision_skips/__init__.py to __init__.cpython-310.pyc
[1.213s] byte-compiling /home/sanmaster/ultimate_skips/Ultimate-Skips/install/vision_skips/lib/python3.10/site-packages/vision_skips/camara_compressed_client.py to camara_compressed_client.cpython-310.pyc
[1.214s] byte-compiling /home/sanmaster/ultimate_skips/Ultimate-Skips/install/vision_skips/lib/python3.10/site-packages/vision_skips/camara_compressed_server.py to camara_compressed_server.cpython-310.pyc
[1.214s] running install_data
[1.215s] creating /home/sanmaster/ultimate_skips/Ultimate-Skips/install/vision_skips/share/ament_index
[1.215s] creating /home/sanmaster/ultimate_skips/Ultimate-Skips/install/vision_skips/share/ament_index/resource_index
[1.215s] creating /home/sanmaster/ultimate_skips/Ultimate-Skips/install/vision_skips/share/ament_index/resource_index/packages
[1.215s] copying resource/vision_skips -> /home/sanmaster/ultimate_skips/Ultimate-Skips/install/vision_skips/share/ament_index/resource_index/packages
[1.215s] copying package.xml -> /home/sanmaster/ultimate_skips/Ultimate-Skips/install/vision_skips/share/vision_skips
[1.215s] running install_egg_info
[1.217s] Copying ../../build/vision_skips/vision_skips.egg-info to /home/sanmaster/ultimate_skips/Ultimate-Skips/install/vision_skips/lib/python3.10/site-packages/vision_skips-0.0.0-py3.10.egg-info
[1.217s] running install_scripts
[1.239s] Installing camara_compressed_client script to /home/sanmaster/ultimate_skips/Ultimate-Skips/install/vision_skips/lib/vision_skips
[1.239s] writing list of installed files to '/home/sanmaster/ultimate_skips/Ultimate-Skips/build/vision_skips/install.log'
[1.261s] Invoked command in '/home/sanmaster/ultimate_skips/Ultimate-Skips/src/vision_skips' returned '0': PYTHONPATH=/home/sanmaster/ultimate_skips/Ultimate-Skips/build/vision_skips/prefix_override:/usr/lib/python3/dist-packages/colcon_core/task/python/colcon_distutils_commands:/home/sanmaster/ultimate_skips/Ultimate-Skips/install/vision_skips/lib/python3.10/site-packages:${PYTHONPATH} /usr/bin/python3 -W ignore:setup.py install is deprecated setup.py egg_info --egg-base ../../build/vision_skips build --build-base /home/sanmaster/ultimate_skips/Ultimate-Skips/build/vision_skips/build install --record /home/sanmaster/ultimate_skips/Ultimate-Skips/build/vision_skips/install.log --single-version-externally-managed install_data
