running egg_info
creating ../../build/vision_skips/vision_skips.egg-info
writing ../../build/vision_skips/vision_skips.egg-info/PKG-INFO
writing dependency_links to ../../build/vision_skips/vision_skips.egg-info/dependency_links.txt
writing entry points to ../../build/vision_skips/vision_skips.egg-info/entry_points.txt
writing requirements to ../../build/vision_skips/vision_skips.egg-info/requires.txt
writing top-level names to ../../build/vision_skips/vision_skips.egg-info/top_level.txt
writing manifest file '../../build/vision_skips/vision_skips.egg-info/SOURCES.txt'
reading manifest file '../../build/vision_skips/vision_skips.egg-info/SOURCES.txt'
writing manifest file '../../build/vision_skips/vision_skips.egg-info/SOURCES.txt'
running build
running build_py
creating /home/sanmaster/ultimate_skips/Ultimate-Skips/build/vision_skips/build
creating /home/sanmaster/ultimate_skips/Ultimate-Skips/build/vision_skips/build/lib
creating /home/sanmaster/ultimate_skips/Ultimate-Skips/build/vision_skips/build/lib/vision_skips
copying vision_skips/__init__.py -> /home/sanmaster/ultimate_skips/Ultimate-Skips/build/vision_skips/build/lib/vision_skips
copying vision_skips/camara_compressed_client.py -> /home/sanmaster/ultimate_skips/Ultimate-Skips/build/vision_skips/build/lib/vision_skips
copying vision_skips/camara_compressed_server.py -> /home/sanmaster/ultimate_skips/Ultimate-Skips/build/vision_skips/build/lib/vision_skips
running install
running install_lib
creating /home/sanmaster/ultimate_skips/Ultimate-Skips/install/vision_skips/lib/python3.10/site-packages/vision_skips
copying /home/sanmaster/ultimate_skips/Ultimate-Skips/build/vision_skips/build/lib/vision_skips/__init__.py -> /home/sanmaster/ultimate_skips/Ultimate-Skips/install/vision_skips/lib/python3.10/site-packages/vision_skips
copying /home/sanmaster/ultimate_skips/Ultimate-Skips/build/vision_skips/build/lib/vision_skips/camara_compressed_client.py -> /home/sanmaster/ultimate_skips/Ultimate-Skips/install/vision_skips/lib/python3.10/site-packages/vision_skips
copying /home/sanmaster/ultimate_skips/Ultimate-Skips/build/vision_skips/build/lib/vision_skips/camara_compressed_server.py -> /home/sanmaster/ultimate_skips/Ultimate-Skips/install/vision_skips/lib/python3.10/site-packages/vision_skips
byte-compiling /home/sanmaster/ultimate_skips/Ultimate-Skips/install/vision_skips/lib/python3.10/site-packages/vision_skips/__init__.py to __init__.cpython-310.pyc
byte-compiling /home/sanmaster/ultimate_skips/Ultimate-Skips/install/vision_skips/lib/python3.10/site-packages/vision_skips/camara_compressed_client.py to camara_compressed_client.cpython-310.pyc
byte-compiling /home/sanmaster/ultimate_skips/Ultimate-Skips/install/vision_skips/lib/python3.10/site-packages/vision_skips/camara_compressed_server.py to camara_compressed_server.cpython-310.pyc
running install_data
creating /home/sanmaster/ultimate_skips/Ultimate-Skips/install/vision_skips/share/ament_index
creating /home/sanmaster/ultimate_skips/Ultimate-Skips/install/vision_skips/share/ament_index/resource_index
creating /home/sanmaster/ultimate_skips/Ultimate-Skips/install/vision_skips/share/ament_index/resource_index/packages
