[0.875s] Invoking command in '/home/sanmaster/ultimate_skips/Ultimate-Skips/src/vision_skips': PYTHONPATH=/home/sanmaster/ultimate_skips/Ultimate-Skips/build/vision_skips/prefix_override:/usr/lib/python3/dist-packages/colcon_core/task/python/colcon_distutils_commands:/home/sanmaster/ultimate_skips/Ultimate-Skips/install/vision_skips/lib/python3.10/site-packages:${PYTHONPATH} /usr/bin/python3 -W ignore:setup.py install is deprecated setup.py egg_info --egg-base ../../build/vision_skips build --build-base /home/sanmaster/ultimate_skips/Ultimate-Skips/build/vision_skips/build install --record /home/sanmaster/ultimate_skips/Ultimate-Skips/build/vision_skips/install.log --single-version-externally-managed install_data
[1.128s] running egg_info
[1.128s] creating ../../build/vision_skips/vision_skips.egg-info
[1.128s] writing ../../build/vision_skips/vision_skips.egg-info/PKG-INFO
[1.128s] writing dependency_links to ../../build/vision_skips/vision_skips.egg-info/dependency_links.txt
[1.129s] writing entry points to ../../build/vision_skips/vision_skips.egg-info/entry_points.txt
[1.129s] writing requirements to ../../build/vision_skips/vision_skips.egg-info/requires.txt
[1.129s] writing top-level names to ../../build/vision_skips/vision_skips.egg-info/top_level.txt
[1.129s] writing manifest file '../../build/vision_skips/vision_skips.egg-info/SOURCES.txt'
[1.131s] reading manifest file '../../build/vision_skips/vision_skips.egg-info/SOURCES.txt'
[1.132s] writing manifest file '../../build/vision_skips/vision_skips.egg-info/SOURCES.txt'
[1.132s] running build
[1.132s] running build_py
[1.132s] creating /home/sanmaster/ultimate_skips/Ultimate-Skips/build/vision_skips/build
[1.132s] creating /home/sanmaster/ultimate_skips/Ultimate-Skips/build/vision_skips/build/lib
[1.132s] creating /home/sanmaster/ultimate_skips/Ultimate-Skips/build/vision_skips/build/lib/vision_skips
[1.133s] copying vision_skips/__init__.py -> /home/sanmaster/ultimate_skips/Ultimate-Skips/build/vision_skips/build/lib/vision_skips
[1.133s] copying vision_skips/camara_compressed_client.py -> /home/sanmaster/ultimate_skips/Ultimate-Skips/build/vision_skips/build/lib/vision_skips
[1.133s] copying vision_skips/camara_compressed_server.py -> /home/sanmaster/ultimate_skips/Ultimate-Skips/build/vision_skips/build/lib/vision_skips
[1.133s] running install
[1.133s] running install_lib
[1.134s] creating /home/sanmaster/ultimate_skips/Ultimate-Skips/install/vision_skips/lib/python3.10/site-packages/vision_skips
[1.134s] copying /home/sanmaster/ultimate_skips/Ultimate-Skips/build/vision_skips/build/lib/vision_skips/__init__.py -> /home/sanmaster/ultimate_skips/Ultimate-Skips/install/vision_skips/lib/python3.10/site-packages/vision_skips
[1.134s] copying /home/sanmaster/ultimate_skips/Ultimate-Skips/build/vision_skips/build/lib/vision_skips/camara_compressed_client.py -> /home/sanmaster/ultimate_skips/Ultimate-Skips/install/vision_skips/lib/python3.10/site-packages/vision_skips
[1.134s] copying /home/sanmaster/ultimate_skips/Ultimate-Skips/build/vision_skips/build/lib/vision_skips/camara_compressed_server.py -> /home/sanmaster/ultimate_skips/Ultimate-Skips/install/vision_skips/lib/python3.10/site-packages/vision_skips
[1.135s] byte-compiling /home/sanmaster/ultimate_skips/Ultimate-Skips/install/vision_skips/lib/python3.10/site-packages/vision_skips/__init__.py to __init__.cpython-310.pyc
[1.135s] byte-compiling /home/sanmaster/ultimate_skips/Ultimate-Skips/install/vision_skips/lib/python3.10/site-packages/vision_skips/camara_compressed_client.py to camara_compressed_client.cpython-310.pyc
[1.136s] byte-compiling /home/sanmaster/ultimate_skips/Ultimate-Skips/install/vision_skips/lib/python3.10/site-packages/vision_skips/camara_compressed_server.py to camara_compressed_server.cpython-310.pyc
[1.137s] running install_data
[1.137s] creating /home/sanmaster/ultimate_skips/Ultimate-Skips/install/vision_skips/share/ament_index
[1.137s] creating /home/sanmaster/ultimate_skips/Ultimate-Skips/install/vision_skips/share/ament_index/resource_index
[1.137s] creating /home/sanmaster/ultimate_skips/Ultimate-Skips/install/vision_skips/share/ament_index/resource_index/packages
[1.137s] error: can't copy 'resource/vision_skips': doesn't exist or not a regular file
