[0.113s] DEBUG:colcon:Command line arguments: ['/usr/bin/colcon', 'build', '--parallel-workers', '2']
[0.113s] DEBUG:colcon:Parsed command line arguments: Namespace(log_base=None, log_level=None, verb_name='build', build_base='build', install_base='install', merge_install=False, symlink_install=False, test_result_base=None, continue_on_error=False, executor='parallel', parallel_workers=2, event_handlers=None, ignore_user_meta=False, metas=['./colcon.meta'], base_paths=['.'], packages_ignore=None, packages_ignore_regex=None, paths=None, packages_up_to=None, packages_up_to_regex=None, packages_above=None, packages_above_and_dependencies=None, packages_above_depth=None, packages_select_by_dep=None, packages_skip_by_dep=None, packages_skip_up_to=None, packages_select_build_failed=False, packages_skip_build_finished=False, packages_select_test_failures=False, packages_skip_test_passed=False, packages_select=None, packages_skip=None, packages_select_regex=None, packages_skip_regex=None, packages_start=None, packages_end=None, allow_overriding=[], cmake_args=None, cmake_target=None, cmake_target_skip_unavailable=False, cmake_clean_cache=False, cmake_clean_first=False, cmake_force_configure=False, ament_cmake_args=None, catkin_cmake_args=None, catkin_skip_building_tests=False, mixin_files=None, mixin=None, verb_parser=<colcon_mixin.mixin.mixin_argument.MixinArgumentDecorator object at 0x739186243bb0>, verb_extension=<colcon_core.verb.build.BuildVerb object at 0x7391862435b0>, main=<bound method BuildVerb.main of <colcon_core.verb.build.BuildVerb object at 0x7391862435b0>>, mixin_verb=('build',))
[0.291s] Level 1:colcon.colcon_core.package_discovery:discover_packages(colcon_meta) check parameters
[0.291s] Level 1:colcon.colcon_core.package_discovery:discover_packages(recursive) check parameters
[0.292s] Level 1:colcon.colcon_core.package_discovery:discover_packages(ignore) check parameters
[0.292s] Level 1:colcon.colcon_core.package_discovery:discover_packages(path) check parameters
[0.292s] Level 1:colcon.colcon_core.package_discovery:discover_packages(colcon_meta) discover
[0.292s] Level 1:colcon.colcon_core.package_discovery:discover_packages(recursive) discover
[0.292s] INFO:colcon.colcon_core.package_discovery:Crawling recursively for packages in '/home/sanmaster/ultimate_skips/Ultimate-Skips'
[0.292s] Level 1:colcon.colcon_core.package_identification:_identify(.) by extensions ['ignore', 'ignore_ament_install']
[0.292s] Level 1:colcon.colcon_core.package_identification:_identify(.) by extension 'ignore'
[0.292s] Level 1:colcon.colcon_core.package_identification:_identify(.) by extension 'ignore_ament_install'
[0.292s] Level 1:colcon.colcon_core.package_identification:_identify(.) by extensions ['colcon_pkg']
[0.292s] Level 1:colcon.colcon_core.package_identification:_identify(.) by extension 'colcon_pkg'
[0.292s] Level 1:colcon.colcon_core.package_identification:_identify(.) by extensions ['colcon_meta']
[0.292s] Level 1:colcon.colcon_core.package_identification:_identify(.) by extension 'colcon_meta'
[0.292s] Level 1:colcon.colcon_core.package_identification:_identify(.) by extensions ['ros']
[0.292s] Level 1:colcon.colcon_core.package_identification:_identify(.) by extension 'ros'
[0.302s] Level 1:colcon.colcon_core.package_identification:_identify(.) by extensions ['cmake', 'python']
[0.302s] Level 1:colcon.colcon_core.package_identification:_identify(.) by extension 'cmake'
[0.302s] Level 1:colcon.colcon_core.package_identification:_identify(.) by extension 'python'
[0.302s] Level 1:colcon.colcon_core.package_identification:_identify(.) by extensions ['python_setup_py']
[0.302s] Level 1:colcon.colcon_core.package_identification:_identify(.) by extension 'python_setup_py'
[0.302s] Level 1:colcon.colcon_core.package_identification:_identify(build) by extensions ['ignore', 'ignore_ament_install']
[0.302s] Level 1:colcon.colcon_core.package_identification:_identify(build) by extension 'ignore'
[0.303s] Level 1:colcon.colcon_core.package_identification:_identify(build) ignored
[0.303s] Level 1:colcon.colcon_core.package_identification:_identify(install) by extensions ['ignore', 'ignore_ament_install']
[0.303s] Level 1:colcon.colcon_core.package_identification:_identify(install) by extension 'ignore'
[0.303s] Level 1:colcon.colcon_core.package_identification:_identify(install) ignored
[0.303s] Level 1:colcon.colcon_core.package_identification:_identify(log) by extensions ['ignore', 'ignore_ament_install']
[0.303s] Level 1:colcon.colcon_core.package_identification:_identify(log) by extension 'ignore'
[0.303s] Level 1:colcon.colcon_core.package_identification:_identify(log) ignored
[0.303s] Level 1:colcon.colcon_core.package_identification:_identify(src) by extensions ['ignore', 'ignore_ament_install']
[0.303s] Level 1:colcon.colcon_core.package_identification:_identify(src) by extension 'ignore'
[0.303s] Level 1:colcon.colcon_core.package_identification:_identify(src) by extension 'ignore_ament_install'
[0.303s] Level 1:colcon.colcon_core.package_identification:_identify(src) by extensions ['colcon_pkg']
[0.303s] Level 1:colcon.colcon_core.package_identification:_identify(src) by extension 'colcon_pkg'
[0.303s] Level 1:colcon.colcon_core.package_identification:_identify(src) by extensions ['colcon_meta']
[0.303s] Level 1:colcon.colcon_core.package_identification:_identify(src) by extension 'colcon_meta'
[0.303s] Level 1:colcon.colcon_core.package_identification:_identify(src) by extensions ['ros']
[0.303s] Level 1:colcon.colcon_core.package_identification:_identify(src) by extension 'ros'
[0.303s] Level 1:colcon.colcon_core.package_identification:_identify(src) by extensions ['cmake', 'python']
[0.304s] Level 1:colcon.colcon_core.package_identification:_identify(src) by extension 'cmake'
[0.304s] Level 1:colcon.colcon_core.package_identification:_identify(src) by extension 'python'
[0.304s] Level 1:colcon.colcon_core.package_identification:_identify(src) by extensions ['python_setup_py']
[0.304s] Level 1:colcon.colcon_core.package_identification:_identify(src) by extension 'python_setup_py'
[0.304s] Level 1:colcon.colcon_core.package_identification:_identify(src/explorer-skips) by extensions ['ignore', 'ignore_ament_install']
[0.304s] Level 1:colcon.colcon_core.package_identification:_identify(src/explorer-skips) by extension 'ignore'
[0.304s] Level 1:colcon.colcon_core.package_identification:_identify(src/explorer-skips) by extension 'ignore_ament_install'
[0.304s] Level 1:colcon.colcon_core.package_identification:_identify(src/explorer-skips) by extensions ['colcon_pkg']
[0.304s] Level 1:colcon.colcon_core.package_identification:_identify(src/explorer-skips) by extension 'colcon_pkg'
[0.304s] Level 1:colcon.colcon_core.package_identification:_identify(src/explorer-skips) by extensions ['colcon_meta']
[0.304s] Level 1:colcon.colcon_core.package_identification:_identify(src/explorer-skips) by extension 'colcon_meta'
[0.304s] Level 1:colcon.colcon_core.package_identification:_identify(src/explorer-skips) by extensions ['ros']
[0.304s] Level 1:colcon.colcon_core.package_identification:_identify(src/explorer-skips) by extension 'ros'
[0.306s] DEBUG:colcon.colcon_core.package_identification:Package 'src/explorer-skips' with type 'ros.ament_python' and name 'explorer-skips'
[0.307s] Level 1:colcon.colcon_core.package_identification:_identify(src/vision-skips) by extensions ['ignore', 'ignore_ament_install']
[0.307s] Level 1:colcon.colcon_core.package_identification:_identify(src/vision-skips) by extension 'ignore'
[0.307s] Level 1:colcon.colcon_core.package_identification:_identify(src/vision-skips) by extension 'ignore_ament_install'
[0.307s] Level 1:colcon.colcon_core.package_identification:_identify(src/vision-skips) by extensions ['colcon_pkg']
[0.307s] Level 1:colcon.colcon_core.package_identification:_identify(src/vision-skips) by extension 'colcon_pkg'
[0.307s] Level 1:colcon.colcon_core.package_identification:_identify(src/vision-skips) by extensions ['colcon_meta']
[0.307s] Level 1:colcon.colcon_core.package_identification:_identify(src/vision-skips) by extension 'colcon_meta'
[0.307s] Level 1:colcon.colcon_core.package_identification:_identify(src/vision-skips) by extensions ['ros']
[0.307s] Level 1:colcon.colcon_core.package_identification:_identify(src/vision-skips) by extension 'ros'
[0.307s] DEBUG:colcon.colcon_core.package_identification:Package 'src/vision-skips' with type 'ros.ament_python' and name 'vision-skips'
[0.308s] Level 1:colcon.colcon_core.package_discovery:discover_packages(recursive) using defaults
[0.308s] Level 1:colcon.colcon_core.package_discovery:discover_packages(ignore) discover
[0.308s] Level 1:colcon.colcon_core.package_discovery:discover_packages(ignore) using defaults
[0.308s] Level 1:colcon.colcon_core.package_discovery:discover_packages(path) discover
[0.308s] Level 1:colcon.colcon_core.package_discovery:discover_packages(path) using defaults
[0.333s] Level 1:colcon.colcon_core.package_discovery:discover_packages(prefix_path) check parameters
[0.333s] Level 1:colcon.colcon_core.package_discovery:discover_packages(prefix_path) discover
[0.336s] DEBUG:colcon.colcon_installed_package_information.package_discovery:Found 387 installed packages in /opt/ros/humble
[0.338s] Level 1:colcon.colcon_core.package_discovery:discover_packages(prefix_path) using defaults
[0.385s] Level 5:colcon.colcon_core.verb:set package 'explorer-skips' build argument 'cmake_args' from command line to 'None'
[0.385s] Level 5:colcon.colcon_core.verb:set package 'explorer-skips' build argument 'cmake_target' from command line to 'None'
[0.385s] Level 5:colcon.colcon_core.verb:set package 'explorer-skips' build argument 'cmake_target_skip_unavailable' from command line to 'False'
[0.385s] Level 5:colcon.colcon_core.verb:set package 'explorer-skips' build argument 'cmake_clean_cache' from command line to 'False'
[0.385s] Level 5:colcon.colcon_core.verb:set package 'explorer-skips' build argument 'cmake_clean_first' from command line to 'False'
[0.385s] Level 5:colcon.colcon_core.verb:set package 'explorer-skips' build argument 'cmake_force_configure' from command line to 'False'
[0.385s] Level 5:colcon.colcon_core.verb:set package 'explorer-skips' build argument 'ament_cmake_args' from command line to 'None'
[0.385s] Level 5:colcon.colcon_core.verb:set package 'explorer-skips' build argument 'catkin_cmake_args' from command line to 'None'
[0.385s] Level 5:colcon.colcon_core.verb:set package 'explorer-skips' build argument 'catkin_skip_building_tests' from command line to 'False'
[0.385s] DEBUG:colcon.colcon_core.verb:Building package 'explorer-skips' with the following arguments: {'ament_cmake_args': None, 'build_base': '/home/sanmaster/ultimate_skips/Ultimate-Skips/build/explorer-skips', 'catkin_cmake_args': None, 'catkin_skip_building_tests': False, 'cmake_args': None, 'cmake_clean_cache': False, 'cmake_clean_first': False, 'cmake_force_configure': False, 'cmake_target': None, 'cmake_target_skip_unavailable': False, 'install_base': '/home/sanmaster/ultimate_skips/Ultimate-Skips/install/explorer-skips', 'merge_install': False, 'path': '/home/sanmaster/ultimate_skips/Ultimate-Skips/src/explorer-skips', 'symlink_install': False, 'test_result_base': None}
[0.385s] Level 5:colcon.colcon_core.verb:set package 'vision-skips' build argument 'cmake_args' from command line to 'None'
[0.385s] Level 5:colcon.colcon_core.verb:set package 'vision-skips' build argument 'cmake_target' from command line to 'None'
[0.385s] Level 5:colcon.colcon_core.verb:set package 'vision-skips' build argument 'cmake_target_skip_unavailable' from command line to 'False'
[0.385s] Level 5:colcon.colcon_core.verb:set package 'vision-skips' build argument 'cmake_clean_cache' from command line to 'False'
[0.385s] Level 5:colcon.colcon_core.verb:set package 'vision-skips' build argument 'cmake_clean_first' from command line to 'False'
[0.385s] Level 5:colcon.colcon_core.verb:set package 'vision-skips' build argument 'cmake_force_configure' from command line to 'False'
[0.385s] Level 5:colcon.colcon_core.verb:set package 'vision-skips' build argument 'ament_cmake_args' from command line to 'None'
[0.385s] Level 5:colcon.colcon_core.verb:set package 'vision-skips' build argument 'catkin_cmake_args' from command line to 'None'
[0.385s] Level 5:colcon.colcon_core.verb:set package 'vision-skips' build argument 'catkin_skip_building_tests' from command line to 'False'
[0.386s] DEBUG:colcon.colcon_core.verb:Building package 'vision-skips' with the following arguments: {'ament_cmake_args': None, 'build_base': '/home/sanmaster/ultimate_skips/Ultimate-Skips/build/vision-skips', 'catkin_cmake_args': None, 'catkin_skip_building_tests': False, 'cmake_args': None, 'cmake_clean_cache': False, 'cmake_clean_first': False, 'cmake_force_configure': False, 'cmake_target': None, 'cmake_target_skip_unavailable': False, 'install_base': '/home/sanmaster/ultimate_skips/Ultimate-Skips/install/vision-skips', 'merge_install': False, 'path': '/home/sanmaster/ultimate_skips/Ultimate-Skips/src/vision-skips', 'symlink_install': False, 'test_result_base': None}
[0.386s] INFO:colcon.colcon_core.executor:Executing jobs using 'parallel' executor
[0.387s] DEBUG:colcon.colcon_parallel_executor.executor.parallel:run_until_complete
[0.387s] INFO:colcon.colcon_ros.task.ament_python.build:Building ROS package in '/home/sanmaster/ultimate_skips/Ultimate-Skips/src/explorer-skips' with build type 'ament_python'
[0.387s] Level 1:colcon.colcon_core.shell:create_environment_hook('explorer-skips', 'ament_prefix_path')
[0.389s] INFO:colcon.colcon_core.plugin_system:Skipping extension 'colcon_core.shell.bat': Not used on non-Windows systems
[0.389s] INFO:colcon.colcon_core.shell:Creating environment hook '/home/sanmaster/ultimate_skips/Ultimate-Skips/install/explorer-skips/share/explorer-skips/hook/ament_prefix_path.ps1'
[0.390s] INFO:colcon.colcon_core.shell:Creating environment descriptor '/home/sanmaster/ultimate_skips/Ultimate-Skips/install/explorer-skips/share/explorer-skips/hook/ament_prefix_path.dsv'
[0.390s] INFO:colcon.colcon_core.shell:Creating environment hook '/home/sanmaster/ultimate_skips/Ultimate-Skips/install/explorer-skips/share/explorer-skips/hook/ament_prefix_path.sh'
[0.391s] INFO:colcon.colcon_core.shell:Skip shell extension 'powershell' for command environment: Not usable outside of PowerShell
[0.391s] DEBUG:colcon.colcon_core.shell:Skip shell extension 'dsv' for command environment
[0.394s] INFO:colcon.colcon_ros.task.ament_python.build:Building ROS package in '/home/sanmaster/ultimate_skips/Ultimate-Skips/src/vision-skips' with build type 'ament_python'
[0.394s] Level 1:colcon.colcon_core.shell:create_environment_hook('vision-skips', 'ament_prefix_path')
[0.394s] INFO:colcon.colcon_core.shell:Creating environment hook '/home/sanmaster/ultimate_skips/Ultimate-Skips/install/vision-skips/share/vision-skips/hook/ament_prefix_path.ps1'
[0.395s] INFO:colcon.colcon_core.shell:Creating environment descriptor '/home/sanmaster/ultimate_skips/Ultimate-Skips/install/vision-skips/share/vision-skips/hook/ament_prefix_path.dsv'
[0.395s] INFO:colcon.colcon_core.shell:Creating environment hook '/home/sanmaster/ultimate_skips/Ultimate-Skips/install/vision-skips/share/vision-skips/hook/ament_prefix_path.sh'
[0.395s] INFO:colcon.colcon_core.shell:Skip shell extension 'powershell' for command environment: Not usable outside of PowerShell
[0.395s] DEBUG:colcon.colcon_core.shell:Skip shell extension 'dsv' for command environment
[0.654s] INFO:colcon.colcon_core.task.python.build:Building Python package in '/home/sanmaster/ultimate_skips/Ultimate-Skips/src/explorer-skips'
[0.655s] INFO:colcon.colcon_core.shell:Skip shell extension 'powershell' for command environment: Not usable outside of PowerShell
[0.655s] DEBUG:colcon.colcon_core.shell:Skip shell extension 'dsv' for command environment
[0.926s] INFO:colcon.colcon_core.task.python.build:Building Python package in '/home/sanmaster/ultimate_skips/Ultimate-Skips/src/vision-skips'
[0.926s] INFO:colcon.colcon_core.shell:Skip shell extension 'powershell' for command environment: Not usable outside of PowerShell
[0.926s] DEBUG:colcon.colcon_core.shell:Skip shell extension 'dsv' for command environment
[1.296s] DEBUG:colcon.colcon_core.event_handler.log_command:Invoking command in '/home/sanmaster/ultimate_skips/Ultimate-Skips/src/vision-skips': PYTHONPATH=/home/sanmaster/ultimate_skips/Ultimate-Skips/build/vision-skips/prefix_override:/usr/lib/python3/dist-packages/colcon_core/task/python/colcon_distutils_commands:/home/sanmaster/ultimate_skips/Ultimate-Skips/install/vision-skips/lib/python3.10/site-packages:${PYTHONPATH} /usr/bin/python3 -W ignore:setup.py install is deprecated setup.py egg_info --egg-base ../../build/vision-skips build --build-base /home/sanmaster/ultimate_skips/Ultimate-Skips/build/vision-skips/build install --record /home/sanmaster/ultimate_skips/Ultimate-Skips/build/vision-skips/install.log --single-version-externally-managed install_data
[1.296s] DEBUG:colcon.colcon_core.event_handler.log_command:Invoking command in '/home/sanmaster/ultimate_skips/Ultimate-Skips/src/explorer-skips': PYTHONPATH=/home/sanmaster/ultimate_skips/Ultimate-Skips/build/explorer-skips/prefix_override:/usr/lib/python3/dist-packages/colcon_core/task/python/colcon_distutils_commands:/home/sanmaster/ultimate_skips/Ultimate-Skips/install/explorer-skips/lib/python3.10/site-packages:${PYTHONPATH} /usr/bin/python3 -W ignore:setup.py install is deprecated setup.py egg_info --egg-base ../../build/explorer-skips build --build-base /home/sanmaster/ultimate_skips/Ultimate-Skips/build/explorer-skips/build install --record /home/sanmaster/ultimate_skips/Ultimate-Skips/build/explorer-skips/install.log --single-version-externally-managed install_data
[1.612s] DEBUG:colcon.colcon_core.event_handler.log_command:Invoked command in '/home/sanmaster/ultimate_skips/Ultimate-Skips/src/explorer-skips' returned '0': PYTHONPATH=/home/sanmaster/ultimate_skips/Ultimate-Skips/build/explorer-skips/prefix_override:/usr/lib/python3/dist-packages/colcon_core/task/python/colcon_distutils_commands:/home/sanmaster/ultimate_skips/Ultimate-Skips/install/explorer-skips/lib/python3.10/site-packages:${PYTHONPATH} /usr/bin/python3 -W ignore:setup.py install is deprecated setup.py egg_info --egg-base ../../build/explorer-skips build --build-base /home/sanmaster/ultimate_skips/Ultimate-Skips/build/explorer-skips/build install --record /home/sanmaster/ultimate_skips/Ultimate-Skips/build/explorer-skips/install.log --single-version-externally-managed install_data
[1.614s] Level 1:colcon.colcon_core.environment:checking '/home/sanmaster/ultimate_skips/Ultimate-Skips/install/explorer-skips' for CMake module files
[1.614s] Level 1:colcon.colcon_core.environment:checking '/home/sanmaster/ultimate_skips/Ultimate-Skips/install/explorer-skips' for CMake config files
[1.615s] Level 1:colcon.colcon_core.environment:checking '/home/sanmaster/ultimate_skips/Ultimate-Skips/install/explorer-skips/lib'
[1.615s] Level 1:colcon.colcon_core.environment:checking '/home/sanmaster/ultimate_skips/Ultimate-Skips/install/explorer-skips/bin'
[1.615s] Level 1:colcon.colcon_core.environment:checking '/home/sanmaster/ultimate_skips/Ultimate-Skips/install/explorer-skips/lib/pkgconfig/explorer-skips.pc'
[1.616s] Level 1:colcon.colcon_core.environment:checking '/home/sanmaster/ultimate_skips/Ultimate-Skips/install/explorer-skips/lib/python3.10/site-packages'
[1.616s] Level 1:colcon.colcon_core.shell:create_environment_hook('explorer-skips', 'pythonpath')
[1.616s] INFO:colcon.colcon_core.shell:Creating environment hook '/home/sanmaster/ultimate_skips/Ultimate-Skips/install/explorer-skips/share/explorer-skips/hook/pythonpath.ps1'
[1.616s] INFO:colcon.colcon_core.shell:Creating environment descriptor '/home/sanmaster/ultimate_skips/Ultimate-Skips/install/explorer-skips/share/explorer-skips/hook/pythonpath.dsv'
[1.617s] INFO:colcon.colcon_core.shell:Creating environment hook '/home/sanmaster/ultimate_skips/Ultimate-Skips/install/explorer-skips/share/explorer-skips/hook/pythonpath.sh'
[1.617s] Level 1:colcon.colcon_core.environment:checking '/home/sanmaster/ultimate_skips/Ultimate-Skips/install/explorer-skips/bin'
[1.617s] Level 1:colcon.colcon_core.environment:create_environment_scripts_only(explorer-skips)
[1.617s] INFO:colcon.colcon_core.shell:Creating package script '/home/sanmaster/ultimate_skips/Ultimate-Skips/install/explorer-skips/share/explorer-skips/package.ps1'
[1.618s] INFO:colcon.colcon_core.shell:Creating package descriptor '/home/sanmaster/ultimate_skips/Ultimate-Skips/install/explorer-skips/share/explorer-skips/package.dsv'
[1.618s] INFO:colcon.colcon_core.shell:Creating package script '/home/sanmaster/ultimate_skips/Ultimate-Skips/install/explorer-skips/share/explorer-skips/package.sh'
[1.619s] INFO:colcon.colcon_core.shell:Creating package script '/home/sanmaster/ultimate_skips/Ultimate-Skips/install/explorer-skips/share/explorer-skips/package.bash'
[1.620s] INFO:colcon.colcon_core.shell:Creating package script '/home/sanmaster/ultimate_skips/Ultimate-Skips/install/explorer-skips/share/explorer-skips/package.zsh'
[1.620s] Level 1:colcon.colcon_core.environment:create_file_with_runtime_dependencies(/home/sanmaster/ultimate_skips/Ultimate-Skips/install/explorer-skips/share/colcon-core/packages/explorer-skips)
[1.621s] Level 1:colcon.colcon_core.environment:checking '/home/sanmaster/ultimate_skips/Ultimate-Skips/install/vision-skips' for CMake module files
[1.622s] DEBUG:colcon.colcon_core.event_handler.log_command:Invoked command in '/home/sanmaster/ultimate_skips/Ultimate-Skips/src/vision-skips' returned '0': PYTHONPATH=/home/sanmaster/ultimate_skips/Ultimate-Skips/build/vision-skips/prefix_override:/usr/lib/python3/dist-packages/colcon_core/task/python/colcon_distutils_commands:/home/sanmaster/ultimate_skips/Ultimate-Skips/install/vision-skips/lib/python3.10/site-packages:${PYTHONPATH} /usr/bin/python3 -W ignore:setup.py install is deprecated setup.py egg_info --egg-base ../../build/vision-skips build --build-base /home/sanmaster/ultimate_skips/Ultimate-Skips/build/vision-skips/build install --record /home/sanmaster/ultimate_skips/Ultimate-Skips/build/vision-skips/install.log --single-version-externally-managed install_data
[1.622s] Level 1:colcon.colcon_core.environment:checking '/home/sanmaster/ultimate_skips/Ultimate-Skips/install/vision-skips' for CMake config files
[1.622s] Level 1:colcon.colcon_core.environment:checking '/home/sanmaster/ultimate_skips/Ultimate-Skips/install/vision-skips/lib'
[1.623s] Level 1:colcon.colcon_core.environment:checking '/home/sanmaster/ultimate_skips/Ultimate-Skips/install/vision-skips/bin'
[1.623s] Level 1:colcon.colcon_core.environment:checking '/home/sanmaster/ultimate_skips/Ultimate-Skips/install/vision-skips/lib/pkgconfig/vision-skips.pc'
[1.623s] Level 1:colcon.colcon_core.environment:checking '/home/sanmaster/ultimate_skips/Ultimate-Skips/install/vision-skips/lib/python3.10/site-packages'
[1.623s] Level 1:colcon.colcon_core.shell:create_environment_hook('vision-skips', 'pythonpath')
[1.623s] INFO:colcon.colcon_core.shell:Creating environment hook '/home/sanmaster/ultimate_skips/Ultimate-Skips/install/vision-skips/share/vision-skips/hook/pythonpath.ps1'
[1.623s] INFO:colcon.colcon_core.shell:Creating environment descriptor '/home/sanmaster/ultimate_skips/Ultimate-Skips/install/vision-skips/share/vision-skips/hook/pythonpath.dsv'
[1.624s] INFO:colcon.colcon_core.shell:Creating environment hook '/home/sanmaster/ultimate_skips/Ultimate-Skips/install/vision-skips/share/vision-skips/hook/pythonpath.sh'
[1.624s] Level 1:colcon.colcon_core.environment:checking '/home/sanmaster/ultimate_skips/Ultimate-Skips/install/vision-skips/bin'
[1.624s] Level 1:colcon.colcon_core.environment:create_environment_scripts_only(vision-skips)
[1.624s] INFO:colcon.colcon_core.shell:Creating package script '/home/sanmaster/ultimate_skips/Ultimate-Skips/install/vision-skips/share/vision-skips/package.ps1'
[1.625s] INFO:colcon.colcon_core.shell:Creating package descriptor '/home/sanmaster/ultimate_skips/Ultimate-Skips/install/vision-skips/share/vision-skips/package.dsv'
[1.625s] INFO:colcon.colcon_core.shell:Creating package script '/home/sanmaster/ultimate_skips/Ultimate-Skips/install/vision-skips/share/vision-skips/package.sh'
[1.625s] INFO:colcon.colcon_core.shell:Creating package script '/home/sanmaster/ultimate_skips/Ultimate-Skips/install/vision-skips/share/vision-skips/package.bash'
[1.626s] INFO:colcon.colcon_core.shell:Creating package script '/home/sanmaster/ultimate_skips/Ultimate-Skips/install/vision-skips/share/vision-skips/package.zsh'
[1.626s] Level 1:colcon.colcon_core.environment:create_file_with_runtime_dependencies(/home/sanmaster/ultimate_skips/Ultimate-Skips/install/vision-skips/share/colcon-core/packages/vision-skips)
[1.626s] DEBUG:colcon.colcon_parallel_executor.executor.parallel:closing loop
[1.626s] DEBUG:colcon.colcon_parallel_executor.executor.parallel:loop closed
[1.626s] DEBUG:colcon.colcon_parallel_executor.executor.parallel:run_until_complete finished with '0'
[1.626s] DEBUG:colcon.colcon_core.event_reactor:joining thread
[1.631s] INFO:colcon.colcon_core.plugin_system:Skipping extension 'colcon_notification.desktop_notification.terminal_notifier': Not used on non-Darwin systems
[1.631s] INFO:colcon.colcon_core.plugin_system:Skipping extension 'colcon_notification.desktop_notification.win32': Not used on non-Windows systems
[1.631s] INFO:colcon.colcon_notification.desktop_notification:Sending desktop notification using 'notify2'
[1.640s] DEBUG:colcon.colcon_core.event_reactor:joined thread
[1.641s] INFO:colcon.colcon_core.shell:Creating prefix script '/home/sanmaster/ultimate_skips/Ultimate-Skips/install/local_setup.ps1'
[1.641s] INFO:colcon.colcon_core.shell:Creating prefix util module '/home/sanmaster/ultimate_skips/Ultimate-Skips/install/_local_setup_util_ps1.py'
[1.642s] INFO:colcon.colcon_core.shell:Creating prefix chain script '/home/sanmaster/ultimate_skips/Ultimate-Skips/install/setup.ps1'
[1.643s] INFO:colcon.colcon_core.shell:Creating prefix script '/home/sanmaster/ultimate_skips/Ultimate-Skips/install/local_setup.sh'
[1.644s] INFO:colcon.colcon_core.shell:Creating prefix util module '/home/sanmaster/ultimate_skips/Ultimate-Skips/install/_local_setup_util_sh.py'
[1.644s] INFO:colcon.colcon_core.shell:Creating prefix chain script '/home/sanmaster/ultimate_skips/Ultimate-Skips/install/setup.sh'
[1.645s] INFO:colcon.colcon_core.shell:Creating prefix script '/home/sanmaster/ultimate_skips/Ultimate-Skips/install/local_setup.bash'
[1.645s] INFO:colcon.colcon_core.shell:Creating prefix chain script '/home/sanmaster/ultimate_skips/Ultimate-Skips/install/setup.bash'
[1.646s] INFO:colcon.colcon_core.shell:Creating prefix script '/home/sanmaster/ultimate_skips/Ultimate-Skips/install/local_setup.zsh'
[1.646s] INFO:colcon.colcon_core.shell:Creating prefix chain script '/home/sanmaster/ultimate_skips/Ultimate-Skips/install/setup.zsh'
