[0.909s] Invoking command in '/home/sanmaster/ultimate_skips/Ultimate-Skips/src/explorer-skips': PYTHONPATH=/home/sanmaster/ultimate_skips/Ultimate-Skips/build/explorer-skips/prefix_override:/usr/lib/python3/dist-packages/colcon_core/task/python/colcon_distutils_commands:/home/sanmaster/ultimate_skips/Ultimate-Skips/install/explorer-skips/lib/python3.10/site-packages:${PYTHONPATH} /usr/bin/python3 -W ignore:setup.py install is deprecated setup.py egg_info --egg-base ../../build/explorer-skips build --build-base /home/sanmaster/ultimate_skips/Ultimate-Skips/build/explorer-skips/build install --record /home/sanmaster/ultimate_skips/Ultimate-Skips/build/explorer-skips/install.log --single-version-externally-managed install_data
[1.171s] running egg_info
[1.172s] creating ../../build/explorer-skips/explorer_skips.egg-info
[1.172s] writing ../../build/explorer-skips/explorer_skips.egg-info/PKG-INFO
[1.172s] writing dependency_links to ../../build/explorer-skips/explorer_skips.egg-info/dependency_links.txt
[1.172s] writing entry points to ../../build/explorer-skips/explorer_skips.egg-info/entry_points.txt
[1.172s] writing requirements to ../../build/explorer-skips/explorer_skips.egg-info/requires.txt
[1.172s] writing top-level names to ../../build/explorer-skips/explorer_skips.egg-info/top_level.txt
[1.172s] writing manifest file '../../build/explorer-skips/explorer_skips.egg-info/SOURCES.txt'
[1.174s] reading manifest file '../../build/explorer-skips/explorer_skips.egg-info/SOURCES.txt'
[1.175s] adding license file 'LICENSE'
[1.175s] writing manifest file '../../build/explorer-skips/explorer_skips.egg-info/SOURCES.txt'
[1.175s] running build
[1.175s] running build_py
[1.175s] creating /home/sanmaster/ultimate_skips/Ultimate-Skips/build/explorer-skips/build
[1.175s] creating /home/sanmaster/ultimate_skips/Ultimate-Skips/build/explorer-skips/build/lib
[1.175s] creating /home/sanmaster/ultimate_skips/Ultimate-Skips/build/explorer-skips/build/lib/explorer-skips
[1.176s] copying explorer-skips/__init__.py -> /home/sanmaster/ultimate_skips/Ultimate-Skips/build/explorer-skips/build/lib/explorer-skips
[1.176s] copying explorer-skips/nav_goal_sender.py -> /home/sanmaster/ultimate_skips/Ultimate-Skips/build/explorer-skips/build/lib/explorer-skips
[1.176s] copying explorer-skips/left_wall_follower.py -> /home/sanmaster/ultimate_skips/Ultimate-Skips/build/explorer-skips/build/lib/explorer-skips
[1.176s] running install
[1.177s] running install_lib
[1.177s] creating /home/sanmaster/ultimate_skips/Ultimate-Skips/install/explorer-skips/lib/python3.10/site-packages/explorer-skips
[1.177s] copying /home/sanmaster/ultimate_skips/Ultimate-Skips/build/explorer-skips/build/lib/explorer-skips/__init__.py -> /home/sanmaster/ultimate_skips/Ultimate-Skips/install/explorer-skips/lib/python3.10/site-packages/explorer-skips
[1.177s] copying /home/sanmaster/ultimate_skips/Ultimate-Skips/build/explorer-skips/build/lib/explorer-skips/nav_goal_sender.py -> /home/sanmaster/ultimate_skips/Ultimate-Skips/install/explorer-skips/lib/python3.10/site-packages/explorer-skips
[1.177s] copying /home/sanmaster/ultimate_skips/Ultimate-Skips/build/explorer-skips/build/lib/explorer-skips/left_wall_follower.py -> /home/sanmaster/ultimate_skips/Ultimate-Skips/install/explorer-skips/lib/python3.10/site-packages/explorer-skips
[1.177s] byte-compiling /home/sanmaster/ultimate_skips/Ultimate-Skips/install/explorer-skips/lib/python3.10/site-packages/explorer-skips/__init__.py to __init__.cpython-310.pyc
[1.177s] byte-compiling /home/sanmaster/ultimate_skips/Ultimate-Skips/install/explorer-skips/lib/python3.10/site-packages/explorer-skips/nav_goal_sender.py to nav_goal_sender.cpython-310.pyc
[1.178s] byte-compiling /home/sanmaster/ultimate_skips/Ultimate-Skips/install/explorer-skips/lib/python3.10/site-packages/explorer-skips/left_wall_follower.py to left_wall_follower.cpython-310.pyc
[1.179s] running install_data
[1.179s] creating /home/sanmaster/ultimate_skips/Ultimate-Skips/install/explorer-skips/share/ament_index
[1.179s] creating /home/sanmaster/ultimate_skips/Ultimate-Skips/install/explorer-skips/share/ament_index/resource_index
[1.179s] creating /home/sanmaster/ultimate_skips/Ultimate-Skips/install/explorer-skips/share/ament_index/resource_index/packages
[1.180s] copying resource/explorer-skips -> /home/sanmaster/ultimate_skips/Ultimate-Skips/install/explorer-skips/share/ament_index/resource_index/packages
[1.180s] copying package.xml -> /home/sanmaster/ultimate_skips/Ultimate-Skips/install/explorer-skips/share/explorer-skips
[1.180s] creating /home/sanmaster/ultimate_skips/Ultimate-Skips/install/explorer-skips/share/explorer-skips/launch
[1.180s] copying launch/exploration.launch.py -> /home/sanmaster/ultimate_skips/Ultimate-Skips/install/explorer-skips/share/explorer-skips/launch
[1.180s] creating /home/sanmaster/ultimate_skips/Ultimate-Skips/install/explorer-skips/share/explorer-skips/config
[1.180s] copying config/navigation.yaml -> /home/sanmaster/ultimate_skips/Ultimate-Skips/install/explorer-skips/share/explorer-skips/config
[1.180s] copying config/slam.yaml -> /home/sanmaster/ultimate_skips/Ultimate-Skips/install/explorer-skips/share/explorer-skips/config
[1.180s] running install_egg_info
[1.181s] Copying ../../build/explorer-skips/explorer_skips.egg-info to /home/sanmaster/ultimate_skips/Ultimate-Skips/install/explorer-skips/lib/python3.10/site-packages/explorer_skips-0.0.0-py3.10.egg-info
[1.182s] running install_scripts
[1.201s] Installing left_wall_follower script to /home/sanmaster/ultimate_skips/Ultimate-Skips/install/explorer-skips/lib/explorer-skips
[1.201s] Installing maze_escape_robot script to /home/sanmaster/ultimate_skips/Ultimate-Skips/install/explorer-skips/lib/explorer-skips
[1.202s] Installing pledge_algorithm = explorer_skips.pledge_algorithm:mainnav_goal_sender script to /home/sanmaster/ultimate_skips/Ultimate-Skips/install/explorer-skips/lib/explorer-skips
[1.202s] writing list of installed files to '/home/sanmaster/ultimate_skips/Ultimate-Skips/build/explorer-skips/install.log'
[1.225s] Invoked command in '/home/sanmaster/ultimate_skips/Ultimate-Skips/src/explorer-skips' returned '0': PYTHONPATH=/home/sanmaster/ultimate_skips/Ultimate-Skips/build/explorer-skips/prefix_override:/usr/lib/python3/dist-packages/colcon_core/task/python/colcon_distutils_commands:/home/sanmaster/ultimate_skips/Ultimate-Skips/install/explorer-skips/lib/python3.10/site-packages:${PYTHONPATH} /usr/bin/python3 -W ignore:setup.py install is deprecated setup.py egg_info --egg-base ../../build/explorer-skips build --build-base /home/sanmaster/ultimate_skips/Ultimate-Skips/build/explorer-skips/build install --record /home/sanmaster/ultimate_skips/Ultimate-Skips/build/explorer-skips/install.log --single-version-externally-managed install_data
